<?xml version="1.0" encoding="UTF-8"?>
<testsuite xmlns:xsi="http://www.w3.org/2001/XMLSchema-instance" xsi:noNamespaceSchemaLocation="https://maven.apache.org/surefire/maven-surefire-plugin/xsd/surefire-test-report.xsd" version="3.0.1" name="de.htw_berlin.fb4.elise.AppTest" time="0.015" tests="1" errors="0" skipped="0" failures="0">
  <properties>
    <property name="sun.desktop" value="gnome"/>
    <property name="awt.toolkit" value="sun.awt.X11.XToolkit"/>
    <property name="java.specification.version" value="11"/>
    <property name="sun.cpu.isalist" value=""/>
    <property name="sun.jnu.encoding" value="UTF-8"/>
    <property name="java.class.path" value="/home/elise/Dokumente/krams/studium/oss/maven_hands_on/lab4/my-prose-app/target/test-classes:/home/elise/Dokumente/krams/studium/oss/maven_hands_on/lab4/my-prose-app/target/classes:/home/elise/.m2/repository/junit/junit/3.8.1/junit-3.8.1.jar:/home/elise/.m2/repository/de/htw_berlin/fb4/ossd/prose_builder/1.0-SNAPSHOT/prose_builder-1.0-SNAPSHOT.jar:"/>
    <property name="java.vm.vendor" value="Ubuntu"/>
    <property name="sun.arch.data.model" value="64"/>
    <property name="java.vendor.url" value="https://ubuntu.com/"/>
    <property name="user.timezone" value=""/>
    <property name="java.vm.specification.version" value="11"/>
    <property name="os.name" value="Linux"/>
    <property name="sun.java.launcher" value="SUN_STANDARD"/>
    <property name="user.country" value="DE"/>
    <property name="sun.boot.library.path" value="/usr/lib/jvm/java-11-openjdk-amd64/lib"/>
    <property name="sun.java.command" value="/home/elise/Dokumente/krams/studium/oss/maven_hands_on/lab4/my-prose-app/target/surefire/surefirebooter-20250519145038899_3.jar /home/elise/Dokumente/krams/studium/oss/maven_hands_on/lab4/my-prose-app/target/surefire 2025-05-19T14-50-38_804-jvmRun1 surefire-20250519145038899_1tmp surefire_0-20250519145038899_2tmp"/>
    <property name="jdk.debug" value="release"/>
    <property name="surefire.test.class.path" value="/home/elise/Dokumente/krams/studium/oss/maven_hands_on/lab4/my-prose-app/target/test-classes:/home/elise/Dokumente/krams/studium/oss/maven_hands_on/lab4/my-prose-app/target/classes:/home/elise/.m2/repository/junit/junit/3.8.1/junit-3.8.1.jar:/home/elise/.m2/repository/de/htw_berlin/fb4/ossd/prose_builder/1.0-SNAPSHOT/prose_builder-1.0-SNAPSHOT.jar:"/>
    <property name="sun.cpu.endian" value="little"/>
    <property name="user.home" value="/home/elise"/>
    <property name="user.language" value="de"/>
    <property name="java.specification.vendor" value="Oracle Corporation"/>
    <property name="java.version.date" value="2025-04-15"/>
    <property name="java.home" value="/usr/lib/jvm/java-11-openjdk-amd64"/>
    <property name="file.separator" value="/"/>
    <property name="basedir" value="/home/elise/Dokumente/krams/studium/oss/maven_hands_on/lab4/my-prose-app"/>
    <property name="java.vm.compressedOopsMode" value="Zero based"/>
    <property name="line.separator" value="&#10;"/>
    <property name="java.specification.name" value="Java Platform API Specification"/>
    <property name="java.vm.specification.vendor" value="Oracle Corporation"/>
    <property name="java.awt.graphicsenv" value="sun.awt.X11GraphicsEnvironment"/>
    <property name="surefire.real.class.path" value="/home/elise/Dokumente/krams/studium/oss/maven_hands_on/lab4/my-prose-app/target/surefire/surefirebooter-20250519145038899_3.jar"/>
    <property name="sun.management.compiler" value="HotSpot 64-Bit Tiered Compilers"/>
    <property name="java.runtime.version" value="11.0.27+6-post-Ubuntu-0ubuntu122.04"/>
    <property name="user.name" value="elise"/>
    <property name="path.separator" value=":"/>
    <property name="os.version" value="6.8.0-59-generic"/>
    <property name="java.runtime.name" value="OpenJDK Runtime Environment"/>
    <property name="file.encoding" value="UTF-8"/>
    <property name="java.vm.name" value="OpenJDK 64-Bit Server VM"/>
    <property name="localRepository" value="/home/elise/.m2/repository"/>
    <property name="java.vendor.url.bug" value="https://bugs.launchpad.net/ubuntu/+source/openjdk-lts"/>
    <property name="java.io.tmpdir" value="/tmp"/>
    <property name="java.version" value="11.0.27"/>
    <property name="user.dir" value="/home/elise/Dokumente/krams/studium/oss/maven_hands_on/lab4/my-prose-app"/>
    <property name="os.arch" value="amd64"/>
    <property name="java.vm.specification.name" value="Java Virtual Machine Specification"/>
    <property name="java.awt.printerjob" value="sun.print.PSPrinterJob"/>
    <property name="sun.os.patch.level" value="unknown"/>
    <property name="java.library.path" value="/usr/java/packages/lib:/usr/lib/x86_64-linux-gnu/jni:/lib/x86_64-linux-gnu:/usr/lib/x86_64-linux-gnu:/usr/lib/jni:/lib:/usr/lib"/>
    <property name="java.vm.info" value="mixed mode, sharing"/>
    <property name="java.vendor" value="Ubuntu"/>
    <property name="java.vm.version" value="11.0.27+6-post-Ubuntu-0ubuntu122.04"/>
    <property name="java.specification.maintenance.version" value="3"/>
    <property name="sun.io.unicode.encoding" value="UnicodeLittle"/>
    <property name="java.class.version" value="55.0"/>
  </properties>
  <testcase name="testApp" classname="de.htw_berlin.fb4.elise.AppTest" time="0.002"/>
</testsuite>